Using pre-set license
Built from '2020.3/staging' branch; Version is '2020.3.30f1 (1fb1bf06830e) revision 2077119'; Using compiler version '192528614'; Build Type 'Release'
OS: 'Windows 11  (10.0.22000) 64bit Professional' Language: 'es' Physical Memory: 15792 MB
BatchMode: 1, IsHumanControllingUs: 0, StartBugReporterOnCrash: 0, Is64bit: 1, IsPro: 0

COMMAND LINE ARGUMENTS:
C:\Program Files\Unity\Hub\Editor\2020.3.30f1\Editor\Unity.exe
-adb2
-batchMode
-noUpm
-name
AssetImportWorker0
-projectPath
C:/Users/34609/RudyAdventure
-logFile
Logs/AssetImportWorker0.log
-srvPort
52754
Successfully changed project path to: C:/Users/34609/RudyAdventure
C:/Users/34609/RudyAdventure
Using Asset Import Pipeline V2.
Refreshing native plugins compatible for Editor in 42.12 ms, found 3 plugins.
Preloading 0 native plugins for Editor in 0.00 ms.
Initialize engine version: 2020.3.30f1 (1fb1bf06830e)
[Subsystems] Discovering subsystems at path C:/Program Files/Unity/Hub/Editor/2020.3.30f1/Editor/Data/Resources/UnitySubsystems
[Subsystems] Discovering subsystems at path C:/Users/34609/RudyAdventure/Assets
GfxDevice: creating device client; threaded=0
Direct3D:
    Version:  Direct3D 11.0 [level 11.1]
    Renderer: NVIDIA GeForce RTX 3050 Laptop GPU (ID=0x25a2)
    Vendor:   
    VRAM:     3991 MB
    Driver:   30.0.15.1278
Initialize mono
Mono path[0] = 'C:/Program Files/Unity/Hub/Editor/2020.3.30f1/Editor/Data/Managed'
Mono path[1] = 'C:/Program Files/Unity/Hub/Editor/2020.3.30f1/Editor/Data/MonoBleedingEdge/lib/mono/unityjit'
Mono config path = 'C:/Program Files/Unity/Hub/Editor/2020.3.30f1/Editor/Data/MonoBleedingEdge/etc'
Using monoOptions --debugger-agent=transport=dt_socket,embedding=1,server=y,suspend=n,address=127.0.0.1:56000
Begin MonoManager ReloadAssembly
Registering precompiled unity dll's ...
Register platform support module: C:/Program Files/Unity/Hub/Editor/2020.3.30f1/Editor/Data/PlaybackEngines/WebGLSupport/UnityEditor.WebGL.Extensions.dll
Register platform support module: C:/Program Files/Unity/Hub/Editor/2020.3.30f1/Editor/Data/PlaybackEngines/WindowsStandaloneSupport/UnityEditor.WindowsStandalone.Extensions.dll
Registered in 0.001583 seconds.
Native extension for WindowsStandalone target not found
Native extension for WebGL target not found
Refreshing native plugins compatible for Editor in 41.49 ms, found 3 plugins.
Preloading 0 native plugins for Editor in 0.00 ms.
Mono: successfully reloaded assembly
- Completed reload, in  0.514 seconds
Domain Reload Profiling:
	ReloadAssembly (514ms)
		BeginReloadAssembly (51ms)
			ExecutionOrderSort (0ms)
			DisableScriptedObjects (0ms)
			BackupInstance (0ms)
			ReleaseScriptingObjects (0ms)
			CreateAndSetChildDomain (1ms)
		EndReloadAssembly (401ms)
			LoadAssemblies (50ms)
			RebuildTransferFunctionScriptingTraits (0ms)
			SetupTypeCache (133ms)
			ReleaseScriptCaches (0ms)
			RebuildScriptCaches (27ms)
			SetupLoadedEditorAssemblies (150ms)
				LogAssemblyErrors (0ms)
				InitializePlatformSupportModulesInManaged (4ms)
				SetLoadedEditorAssemblies (0ms)
				RefreshPlugins (42ms)
				BeforeProcessingInitializeOnLoad (14ms)
				ProcessInitializeOnLoadAttributes (68ms)
				ProcessInitializeOnLoadMethodAttributes (23ms)
				AfterProcessingInitializeOnLoad (0ms)
				EditorAssembliesLoaded (0ms)
			ExecutionOrderSort2 (0ms)
			AwakeInstancesAfterBackupRestoration (0ms)
Platform modules already initialized, skipping
Registering precompiled user dll's ...
Registered in 0.002460 seconds.
Begin MonoManager ReloadAssembly
Native extension for WindowsStandalone target not found
Native extension for WebGL target not found
Refreshing native plugins compatible for Editor in 43.78 ms, found 3 plugins.
Preloading 0 native plugins for Editor in 0.00 ms.
Mono: successfully reloaded assembly
- Completed reload, in  0.966 seconds
Domain Reload Profiling:
	ReloadAssembly (967ms)
		BeginReloadAssembly (127ms)
			ExecutionOrderSort (0ms)
			DisableScriptedObjects (4ms)
			BackupInstance (0ms)
			ReleaseScriptingObjects (0ms)
			CreateAndSetChildDomain (18ms)
		EndReloadAssembly (785ms)
			LoadAssemblies (88ms)
			RebuildTransferFunctionScriptingTraits (0ms)
			SetupTypeCache (248ms)
			ReleaseScriptCaches (0ms)
			RebuildScriptCaches (42ms)
			SetupLoadedEditorAssemblies (307ms)
				LogAssemblyErrors (0ms)
				InitializePlatformSupportModulesInManaged (4ms)
				SetLoadedEditorAssemblies (0ms)
				RefreshPlugins (44ms)
				BeforeProcessingInitializeOnLoad (71ms)
				ProcessInitializeOnLoadAttributes (169ms)
				ProcessInitializeOnLoadMethodAttributes (15ms)
				AfterProcessingInitializeOnLoad (4ms)
				EditorAssembliesLoaded (0ms)
			ExecutionOrderSort2 (0ms)
			AwakeInstancesAfterBackupRestoration (6ms)
Platform modules already initialized, skipping
========================================================================
Worker process is ready to serve import requests
Launched and connected shader compiler UnityShaderCompiler.exe after 0.04 seconds
Refreshing native plugins compatible for Editor in 0.48 ms, found 3 plugins.
Preloading 0 native plugins for Editor in 0.00 ms.
Unloading 2201 Unused Serialized files (Serialized files now loaded: 0)
System memory in use before: 96.3 MB.
System memory in use after: 96.3 MB.

Unloading 28 unused Assets to reduce memory usage. Loaded Objects now: 2637.
Total: 3.803900 ms (FindLiveObjects: 0.219700 ms CreateObjectMapping: 0.088100 ms MarkObjects: 3.378900 ms  DeleteObjects: 0.116000 ms)

AssetImportParameters requested are different than current active one (requested -> active):
  custom:framework-win-MediaFoundation: 216162199b28c13a410421893ffa2e32 -> 
  custom:video-decoder-ogg-theora: a1e56fd34408186e4bbccfd4996cb3dc -> 
  custom:container-muxer-webm: aa71ff27fc2769a1b78a27578f13a17b -> 
  custom:container-demuxer-webm: 4f35f7cbe854078d1ac9338744f61a02 -> 
  custom:container-demuxer-ogg: 62fdf1f143b41e24485cea50d1cbac27 -> 
  custom:video-encoder-webm-vp8: eb34c28f22e8b96e1ab97ce403110664 -> 
  custom:video-decoder-webm-vp8: 9c59270c3fd7afecdb556c50c9e8de78 -> 
  custom:audio-decoder-ogg-vorbis: bf7c407c2cedff20999df2af8eb42d56 -> 
  custom:audio-encoder-webm-vorbis: bf7c407c2cedff20999df2af8eb42d56 -> 
========================================================================
Received Import Request.
  path: Assets/Art/Sprites/Environmnent/MetalCube.png
  artifactKey: Guid(b9244d299d06eea4fa3e8b8b6da46af5) Importer(815301076,1909f56bfc062723c751e8b465ee728b)
Start importing Assets/Art/Sprites/Environmnent/MetalCube.png using Guid(b9244d299d06eea4fa3e8b8b6da46af5) Importer(815301076,1909f56bfc062723c751e8b465ee728b)  -> (artifact id: '2c432f962af966963b9e5e6d7048aa30') in 0.111065 seconds 
========================================================================
Received Import Request.
  Time since last request: 59.797189 seconds.
  path: Assets/Prefabs.prefab
  artifactKey: Guid(3c7f23eba32e5bf4b9af51ec0233180f) Importer(815301076,1909f56bfc062723c751e8b465ee728b)
Start importing Assets/Prefabs.prefab using Guid(3c7f23eba32e5bf4b9af51ec0233180f) Importer(815301076,1909f56bfc062723c751e8b465ee728b)  -> (artifact id: '7281b92502ad7cc0ae5918f1493190b8') in 0.016119 seconds 
========================================================================
Received Import Request.
  Time since last request: 11.185665 seconds.
  path: Assets/Art/Sprites/Environmnent/MetalCube.png
  artifactKey: Guid(b9244d299d06eea4fa3e8b8b6da46af5) Importer(815301076,1909f56bfc062723c751e8b465ee728b)
Start importing Assets/Art/Sprites/Environmnent/MetalCube.png using Guid(b9244d299d06eea4fa3e8b8b6da46af5) Importer(815301076,1909f56bfc062723c751e8b465ee728b)  -> (artifact id: 'e32f4ff8d1419c5e10f0b7f51b92877d') in 0.018026 seconds 
========================================================================
Received Import Request.
  Time since last request: 14.304293 seconds.
  path: Assets/Art/Sprites/Environmnent/MetalCube.png
  artifactKey: Guid(b9244d299d06eea4fa3e8b8b6da46af5) Importer(815301076,1909f56bfc062723c751e8b465ee728b)
Start importing Assets/Art/Sprites/Environmnent/MetalCube.png using Guid(b9244d299d06eea4fa3e8b8b6da46af5) Importer(815301076,1909f56bfc062723c751e8b465ee728b)  -> (artifact id: '1e66537604f46169d9d6ef0e4bd0ba04') in 0.016936 seconds 
========================================================================
Received Prepare
Registering precompiled user dll's ...
Registered in 0.003996 seconds.
Begin MonoManager ReloadAssembly
Native extension for WindowsStandalone target not found
Native extension for WebGL target not found
Refreshing native plugins compatible for Editor in 0.50 ms, found 3 plugins.
Preloading 0 native plugins for Editor in 0.00 ms.
Mono: successfully reloaded assembly
- Completed reload, in  0.864 seconds
Domain Reload Profiling:
	ReloadAssembly (864ms)
		BeginReloadAssembly (103ms)
			ExecutionOrderSort (0ms)
			DisableScriptedObjects (5ms)
			BackupInstance (0ms)
			ReleaseScriptingObjects (0ms)
			CreateAndSetChildDomain (35ms)
		EndReloadAssembly (706ms)
			LoadAssemblies (82ms)
			RebuildTransferFunctionScriptingTraits (0ms)
			SetupTypeCache (246ms)
			ReleaseScriptCaches (1ms)
			RebuildScriptCaches (36ms)
			SetupLoadedEditorAssemblies (261ms)
				LogAssemblyErrors (0ms)
				InitializePlatformSupportModulesInManaged (5ms)
				SetLoadedEditorAssemblies (0ms)
				RefreshPlugins (1ms)
				BeforeProcessingInitializeOnLoad (72ms)
				ProcessInitializeOnLoadAttributes (168ms)
				ProcessInitializeOnLoadMethodAttributes (9ms)
				AfterProcessingInitializeOnLoad (5ms)
				EditorAssembliesLoaded (0ms)
			ExecutionOrderSort2 (0ms)
			AwakeInstancesAfterBackupRestoration (8ms)
Platform modules already initialized, skipping
Refreshing native plugins compatible for Editor in 0.50 ms, found 3 plugins.
Preloading 0 native plugins for Editor in 0.00 ms.
Unloading 2193 Unused Serialized files (Serialized files now loaded: 0)
System memory in use before: 98.9 MB.
System memory in use after: 99.0 MB.

Unloading 17 unused Assets to reduce memory usage. Loaded Objects now: 2646.
Total: 3.819000 ms (FindLiveObjects: 0.179400 ms CreateObjectMapping: 0.050300 ms MarkObjects: 3.500700 ms  DeleteObjects: 0.087100 ms)

AssetImportParameters requested are different than current active one (requested -> active):
  custom:framework-win-MediaFoundation: 216162199b28c13a410421893ffa2e32 -> 
  custom:video-decoder-ogg-theora: a1e56fd34408186e4bbccfd4996cb3dc -> 
  custom:container-muxer-webm: aa71ff27fc2769a1b78a27578f13a17b -> 
  custom:container-demuxer-webm: 4f35f7cbe854078d1ac9338744f61a02 -> 
  custom:container-demuxer-ogg: 62fdf1f143b41e24485cea50d1cbac27 -> 
  custom:video-encoder-webm-vp8: eb34c28f22e8b96e1ab97ce403110664 -> 
  custom:video-decoder-webm-vp8: 9c59270c3fd7afecdb556c50c9e8de78 -> 
  custom:audio-decoder-ogg-vorbis: bf7c407c2cedff20999df2af8eb42d56 -> 
  custom:audio-encoder-webm-vorbis: bf7c407c2cedff20999df2af8eb42d56 -> 
========================================================================
Received Import Request.
  Time since last request: 37.908205 seconds.
  path: Assets/Prefabs
  artifactKey: Guid(9b09028a0ba492c4cb65981d24656567) Importer(815301076,1909f56bfc062723c751e8b465ee728b)
Start importing Assets/Prefabs using Guid(9b09028a0ba492c4cb65981d24656567) Importer(815301076,1909f56bfc062723c751e8b465ee728b)  -> (artifact id: 'd56b9a2def7c86bc4f10eafa2edc12b2') in 0.006705 seconds 
========================================================================
Received Import Request.
  Time since last request: 18.859926 seconds.
  path: Assets/Prefabs/MetalCube.prefab
  artifactKey: Guid(7f6014ac17bc2674e9d2a6da0abda67f) Importer(815301076,1909f56bfc062723c751e8b465ee728b)
Start importing Assets/Prefabs/MetalCube.prefab using Guid(7f6014ac17bc2674e9d2a6da0abda67f) Importer(815301076,1909f56bfc062723c751e8b465ee728b)  -> (artifact id: '5a1aa167160aa118b4c7f67d848340ed') in 0.051470 seconds 
========================================================================
Received Import Request.
  Time since last request: 168.423480 seconds.
  path: Assets/Prefabs/MetalCube.prefab
  artifactKey: Guid(7f6014ac17bc2674e9d2a6da0abda67f) Importer(815301076,1909f56bfc062723c751e8b465ee728b)
Start importing Assets/Prefabs/MetalCube.prefab using Guid(7f6014ac17bc2674e9d2a6da0abda67f) Importer(815301076,1909f56bfc062723c751e8b465ee728b)  -> (artifact id: 'c45a51710320dfa1afcef586272908a1') in 0.014315 seconds 
========================================================================
Received Import Request.
  Time since last request: 6.257180 seconds.
  path: Assets/Prefabs/MetalCube.prefab
  artifactKey: Guid(7f6014ac17bc2674e9d2a6da0abda67f) Importer(815301076,1909f56bfc062723c751e8b465ee728b)
Start importing Assets/Prefabs/MetalCube.prefab using Guid(7f6014ac17bc2674e9d2a6da0abda67f) Importer(815301076,1909f56bfc062723c751e8b465ee728b)  -> (artifact id: '7acd2408be80afd50ae2c0e61463b94b') in 0.013455 seconds 
========================================================================
Received Import Request.
  Time since last request: 983.714771 seconds.
  path: Assets/Prefabs/Damageable.prefab
  artifactKey: Guid(6ae7b3c86b9781748bf8f9da2a95d755) Importer(815301076,1909f56bfc062723c751e8b465ee728b)
Start importing Assets/Prefabs/Damageable.prefab using Guid(6ae7b3c86b9781748bf8f9da2a95d755) Importer(815301076,1909f56bfc062723c751e8b465ee728b)  -> (artifact id: '7b471610bdc1488910b45bfdb151c8b4') in 0.014405 seconds 
========================================================================
Received Import Request.
  Time since last request: 2.075476 seconds.
  path: Assets/Prefabs/LotusFlower.prefab
  artifactKey: Guid(326fa0c78424f874f80be00e39a569db) Importer(815301076,1909f56bfc062723c751e8b465ee728b)
Start importing Assets/Prefabs/LotusFlower.prefab using Guid(326fa0c78424f874f80be00e39a569db) Importer(815301076,1909f56bfc062723c751e8b465ee728b)  -> (artifact id: '317b9f69583fa99515e7bf437418784d') in 0.013745 seconds 
========================================================================
Received Import Request.
  Time since last request: 2.200905 seconds.
  path: Assets/Prefabs/TreeBig3.prefab
  artifactKey: Guid(f49bdf2cb05c51c469462d462d7c4aa7) Importer(815301076,1909f56bfc062723c751e8b465ee728b)
Start importing Assets/Prefabs/TreeBig3.prefab using Guid(f49bdf2cb05c51c469462d462d7c4aa7) Importer(815301076,1909f56bfc062723c751e8b465ee728b)  -> (artifact id: 'be7482078e33137227b7a27dc0880ff2') in 0.014143 seconds 
========================================================================
Received Import Request.
  Time since last request: 2.409777 seconds.
  path: Assets/Prefabs/TreeBig1.prefab
  artifactKey: Guid(df2331d4602bce64f92ea18121a552c4) Importer(815301076,1909f56bfc062723c751e8b465ee728b)
Start importing Assets/Prefabs/TreeBig1.prefab using Guid(df2331d4602bce64f92ea18121a552c4) Importer(815301076,1909f56bfc062723c751e8b465ee728b)  -> (artifact id: 'fa1359884f659e7fc75e53dea94a0a92') in 0.014606 seconds 
========================================================================
Received Import Request.
  Time since last request: 2.031168 seconds.
  path: Assets/Prefabs/TreeBig2.prefab
  artifactKey: Guid(328a4e08f636e8c419922eb528c7c93b) Importer(815301076,1909f56bfc062723c751e8b465ee728b)
Start importing Assets/Prefabs/TreeBig2.prefab using Guid(328a4e08f636e8c419922eb528c7c93b) Importer(815301076,1909f56bfc062723c751e8b465ee728b)  -> (artifact id: '655e98329908cf233d3131e59d03d688') in 0.016784 seconds 
========================================================================
Received Import Request.
  Time since last request: 2.234809 seconds.
  path: Assets/Prefabs/House.prefab
  artifactKey: Guid(3cf5a01dccf52324b8c8147d8ba33c77) Importer(815301076,1909f56bfc062723c751e8b465ee728b)
Start importing Assets/Prefabs/House.prefab using Guid(3cf5a01dccf52324b8c8147d8ba33c77) Importer(815301076,1909f56bfc062723c751e8b465ee728b)  -> (artifact id: '9bc7aa8e2705f81751c642f3c1a87e42') in 0.024015 seconds 
========================================================================
Received Import Request.
  Time since last request: 2.246082 seconds.
  path: Assets/Prefabs/DrainCover.prefab
  artifactKey: Guid(4bdc1b67180287f49adc2ce9bf1591f4) Importer(815301076,1909f56bfc062723c751e8b465ee728b)
Start importing Assets/Prefabs/DrainCover.prefab using Guid(4bdc1b67180287f49adc2ce9bf1591f4) Importer(815301076,1909f56bfc062723c751e8b465ee728b)  -> (artifact id: '4649ecaa22f3cfdf01ffc0936a4e2aba') in 0.013928 seconds 
========================================================================
Received Import Request.
  Time since last request: 260.198769 seconds.
  path: Assets/Prefabs/rudy.prefab
  artifactKey: Guid(ddcb7c9cf699a244596efb41f06e25c4) Importer(815301076,1909f56bfc062723c751e8b465ee728b)
Start importing Assets/Prefabs/rudy.prefab using Guid(ddcb7c9cf699a244596efb41f06e25c4) Importer(815301076,1909f56bfc062723c751e8b465ee728b)  -> (artifact id: 'b4b6a20af8ea017b42cbdc4341477e2f') in 0.015585 seconds 
========================================================================
Received Import Request.
  Time since last request: 37.729157 seconds.
  path: Assets/Prefabs/rudy.prefab
  artifactKey: Guid(ddcb7c9cf699a244596efb41f06e25c4) Importer(815301076,1909f56bfc062723c751e8b465ee728b)
Start importing Assets/Prefabs/rudy.prefab using Guid(ddcb7c9cf699a244596efb41f06e25c4) Importer(815301076,1909f56bfc062723c751e8b465ee728b)  -> (artifact id: '44712ac5e07ede497cad0af81c62f34f') in 0.009844 seconds 
========================================================================
Received Prepare
Registering precompiled user dll's ...
Registered in 0.002626 seconds.
Begin MonoManager ReloadAssembly
Native extension for WindowsStandalone target not found
Native extension for WebGL target not found
Refreshing native plugins compatible for Editor in 0.55 ms, found 3 plugins.
Preloading 0 native plugins for Editor in 0.00 ms.
Mono: successfully reloaded assembly
- Completed reload, in  0.869 seconds
Domain Reload Profiling:
	ReloadAssembly (869ms)
		BeginReloadAssembly (100ms)
			ExecutionOrderSort (0ms)
			DisableScriptedObjects (5ms)
			BackupInstance (0ms)
			ReleaseScriptingObjects (0ms)
			CreateAndSetChildDomain (32ms)
		EndReloadAssembly (718ms)
			LoadAssemblies (79ms)
			RebuildTransferFunctionScriptingTraits (0ms)
			SetupTypeCache (250ms)
			ReleaseScriptCaches (1ms)
			RebuildScriptCaches (37ms)
			SetupLoadedEditorAssemblies (268ms)
				LogAssemblyErrors (0ms)
				InitializePlatformSupportModulesInManaged (4ms)
				SetLoadedEditorAssemblies (0ms)
				RefreshPlugins (1ms)
				BeforeProcessingInitializeOnLoad (73ms)
				ProcessInitializeOnLoadAttributes (174ms)
				ProcessInitializeOnLoadMethodAttributes (11ms)
				AfterProcessingInitializeOnLoad (4ms)
				EditorAssembliesLoaded (0ms)
			ExecutionOrderSort2 (0ms)
			AwakeInstancesAfterBackupRestoration (8ms)
Platform modules already initialized, skipping
Refreshing native plugins compatible for Editor in 0.50 ms, found 3 plugins.
Preloading 0 native plugins for Editor in 0.00 ms.
Unloading 2193 Unused Serialized files (Serialized files now loaded: 0)
System memory in use before: 99.0 MB.
System memory in use after: 99.1 MB.

Unloading 17 unused Assets to reduce memory usage. Loaded Objects now: 2654.
Total: 3.658900 ms (FindLiveObjects: 0.219800 ms CreateObjectMapping: 0.088400 ms MarkObjects: 3.264600 ms  DeleteObjects: 0.084600 ms)

AssetImportParameters requested are different than current active one (requested -> active):
  custom:framework-win-MediaFoundation: 216162199b28c13a410421893ffa2e32 -> 
  custom:video-decoder-ogg-theora: a1e56fd34408186e4bbccfd4996cb3dc -> 
  custom:container-muxer-webm: aa71ff27fc2769a1b78a27578f13a17b -> 
  custom:container-demuxer-webm: 4f35f7cbe854078d1ac9338744f61a02 -> 
  custom:container-demuxer-ogg: 62fdf1f143b41e24485cea50d1cbac27 -> 
  custom:video-encoder-webm-vp8: eb34c28f22e8b96e1ab97ce403110664 -> 
  custom:video-decoder-webm-vp8: 9c59270c3fd7afecdb556c50c9e8de78 -> 
  custom:audio-decoder-ogg-vorbis: bf7c407c2cedff20999df2af8eb42d56 -> 
  custom:audio-encoder-webm-vorbis: bf7c407c2cedff20999df2af8eb42d56 -> 
========================================================================
Received Import Request.
  Time since last request: 202.892612 seconds.
  path: Assets/Prefabs/rudy.prefab
  artifactKey: Guid(ddcb7c9cf699a244596efb41f06e25c4) Importer(815301076,1909f56bfc062723c751e8b465ee728b)
Start importing Assets/Prefabs/rudy.prefab using Guid(ddcb7c9cf699a244596efb41f06e25c4) Importer(815301076,1909f56bfc062723c751e8b465ee728b)  -> (artifact id: '99a7d058b4d4732d01843228b74dfdd8') in 0.047684 seconds 
========================================================================
Received Import Request.
  Time since last request: 19.061274 seconds.
  path: Assets/Prefabs/rudy.prefab
  artifactKey: Guid(ddcb7c9cf699a244596efb41f06e25c4) Importer(815301076,1909f56bfc062723c751e8b465ee728b)
Start importing Assets/Prefabs/rudy.prefab using Guid(ddcb7c9cf699a244596efb41f06e25c4) Importer(815301076,1909f56bfc062723c751e8b465ee728b)  -> (artifact id: '70201f546c62202a473435b1293fe4c2') in 0.011386 seconds 
========================================================================
Received Import Request.
  Time since last request: 4.213512 seconds.
  path: Assets/Prefabs/rudy.prefab
  artifactKey: Guid(ddcb7c9cf699a244596efb41f06e25c4) Importer(815301076,1909f56bfc062723c751e8b465ee728b)
Start importing Assets/Prefabs/rudy.prefab using Guid(ddcb7c9cf699a244596efb41f06e25c4) Importer(815301076,1909f56bfc062723c751e8b465ee728b)  -> (artifact id: '52cc400e768657f5935313bda01053dd') in 0.010414 seconds 
========================================================================
Received Import Request.
  Time since last request: 3.823441 seconds.
  path: Assets/Prefabs/rudy.prefab
  artifactKey: Guid(ddcb7c9cf699a244596efb41f06e25c4) Importer(815301076,1909f56bfc062723c751e8b465ee728b)
Start importing Assets/Prefabs/rudy.prefab using Guid(ddcb7c9cf699a244596efb41f06e25c4) Importer(815301076,1909f56bfc062723c751e8b465ee728b)  -> (artifact id: 'b3d74fbacccab9edc49c72998adcdf82') in 0.009508 seconds 
========================================================================
Received Import Request.
  Time since last request: 4.016152 seconds.
  path: Assets/Prefabs/rudy.prefab
  artifactKey: Guid(ddcb7c9cf699a244596efb41f06e25c4) Importer(815301076,1909f56bfc062723c751e8b465ee728b)
Start importing Assets/Prefabs/rudy.prefab using Guid(ddcb7c9cf699a244596efb41f06e25c4) Importer(815301076,1909f56bfc062723c751e8b465ee728b)  -> (artifact id: '74a52e4d327f0b445e7aeaa5e1d31917') in 0.009965 seconds 
========================================================================
Received Import Request.
  Time since last request: 3.200404 seconds.
  path: Assets/Prefabs/rudy.prefab
  artifactKey: Guid(ddcb7c9cf699a244596efb41f06e25c4) Importer(815301076,1909f56bfc062723c751e8b465ee728b)
Start importing Assets/Prefabs/rudy.prefab using Guid(ddcb7c9cf699a244596efb41f06e25c4) Importer(815301076,1909f56bfc062723c751e8b465ee728b)  -> (artifact id: '0feba95f8c372e7b6c9b3ade818ea42f') in 0.009577 seconds 
========================================================================
Received Import Request.
  Time since last request: 3.017899 seconds.
  path: Assets/Prefabs/rudy.prefab
  artifactKey: Guid(ddcb7c9cf699a244596efb41f06e25c4) Importer(815301076,1909f56bfc062723c751e8b465ee728b)
Start importing Assets/Prefabs/rudy.prefab using Guid(ddcb7c9cf699a244596efb41f06e25c4) Importer(815301076,1909f56bfc062723c751e8b465ee728b)  -> (artifact id: 'cf7e49d86acc913b8418e603df47e10f') in 0.010476 seconds 
========================================================================
Received Import Request.
  Time since last request: 39.154153 seconds.
  path: Assets/Prefabs/rudy.prefab
  artifactKey: Guid(ddcb7c9cf699a244596efb41f06e25c4) Importer(815301076,1909f56bfc062723c751e8b465ee728b)
Start importing Assets/Prefabs/rudy.prefab using Guid(ddcb7c9cf699a244596efb41f06e25c4) Importer(815301076,1909f56bfc062723c751e8b465ee728b)  -> (artifact id: 'cbd8eecb5ac56f1a8516d7486f654027') in 0.010685 seconds 
========================================================================
Received Import Request.
  Time since last request: 16.972789 seconds.
  path: Assets/Prefabs/MetalCube.prefab
  artifactKey: Guid(7f6014ac17bc2674e9d2a6da0abda67f) Importer(815301076,1909f56bfc062723c751e8b465ee728b)
Start importing Assets/Prefabs/MetalCube.prefab using Guid(7f6014ac17bc2674e9d2a6da0abda67f) Importer(815301076,1909f56bfc062723c751e8b465ee728b)  -> (artifact id: 'feef40a3bacbdfb071d6d81b55fc30f6') in 0.014381 seconds 
========================================================================
Received Import Request.
  Time since last request: 7.225249 seconds.
  path: Assets/Prefabs/MetalCube.prefab
  artifactKey: Guid(7f6014ac17bc2674e9d2a6da0abda67f) Importer(815301076,1909f56bfc062723c751e8b465ee728b)
Start importing Assets/Prefabs/MetalCube.prefab using Guid(7f6014ac17bc2674e9d2a6da0abda67f) Importer(815301076,1909f56bfc062723c751e8b465ee728b)  -> (artifact id: '900524cc7f69fa92359cd34a1ee5770c') in 0.010733 seconds 
========================================================================
Received Import Request.
  Time since last request: 3.615777 seconds.
  path: Assets/Prefabs/MetalCube.prefab
  artifactKey: Guid(7f6014ac17bc2674e9d2a6da0abda67f) Importer(815301076,1909f56bfc062723c751e8b465ee728b)
Start importing Assets/Prefabs/MetalCube.prefab using Guid(7f6014ac17bc2674e9d2a6da0abda67f) Importer(815301076,1909f56bfc062723c751e8b465ee728b)  -> (artifact id: '34e6c8a601a1283f767f01a3f6fcc9ca') in 0.010425 seconds 
========================================================================
Received Prepare
Registering precompiled user dll's ...
Registered in 0.002448 seconds.
Begin MonoManager ReloadAssembly
Native extension for WindowsStandalone target not found
Native extension for WebGL target not found
Refreshing native plugins compatible for Editor in 0.52 ms, found 3 plugins.
Preloading 0 native plugins for Editor in 0.00 ms.
Mono: successfully reloaded assembly
- Completed reload, in  0.840 seconds
Domain Reload Profiling:
	ReloadAssembly (840ms)
		BeginReloadAssembly (99ms)
			ExecutionOrderSort (0ms)
			DisableScriptedObjects (5ms)
			BackupInstance (0ms)
			ReleaseScriptingObjects (0ms)
			CreateAndSetChildDomain (31ms)
		EndReloadAssembly (689ms)
			LoadAssemblies (82ms)
			RebuildTransferFunctionScriptingTraits (0ms)
			SetupTypeCache (240ms)
			ReleaseScriptCaches (1ms)
			RebuildScriptCaches (37ms)
			SetupLoadedEditorAssemblies (254ms)
				LogAssemblyErrors (0ms)
				InitializePlatformSupportModulesInManaged (5ms)
				SetLoadedEditorAssemblies (0ms)
				RefreshPlugins (1ms)
				BeforeProcessingInitializeOnLoad (69ms)
				ProcessInitializeOnLoadAttributes (165ms)
				ProcessInitializeOnLoadMethodAttributes (11ms)
				AfterProcessingInitializeOnLoad (4ms)
				EditorAssembliesLoaded (0ms)
			ExecutionOrderSort2 (0ms)
			AwakeInstancesAfterBackupRestoration (7ms)
Platform modules already initialized, skipping
Refreshing native plugins compatible for Editor in 0.56 ms, found 3 plugins.
Preloading 0 native plugins for Editor in 0.00 ms.
Unloading 2193 Unused Serialized files (Serialized files now loaded: 0)
System memory in use before: 99.1 MB.
System memory in use after: 99.1 MB.

Unloading 17 unused Assets to reduce memory usage. Loaded Objects now: 2658.
Total: 2.909800 ms (FindLiveObjects: 0.185200 ms CreateObjectMapping: 0.050600 ms MarkObjects: 2.585300 ms  DeleteObjects: 0.087600 ms)

AssetImportParameters requested are different than current active one (requested -> active):
  custom:framework-win-MediaFoundation: 216162199b28c13a410421893ffa2e32 -> 
  custom:video-decoder-ogg-theora: a1e56fd34408186e4bbccfd4996cb3dc -> 
  custom:container-muxer-webm: aa71ff27fc2769a1b78a27578f13a17b -> 
  custom:container-demuxer-webm: 4f35f7cbe854078d1ac9338744f61a02 -> 
  custom:container-demuxer-ogg: 62fdf1f143b41e24485cea50d1cbac27 -> 
  custom:video-encoder-webm-vp8: eb34c28f22e8b96e1ab97ce403110664 -> 
  custom:video-decoder-webm-vp8: 9c59270c3fd7afecdb556c50c9e8de78 -> 
  custom:audio-decoder-ogg-vorbis: bf7c407c2cedff20999df2af8eb42d56 -> 
  custom:audio-encoder-webm-vorbis: bf7c407c2cedff20999df2af8eb42d56 -> 
========================================================================
Received Import Request.
  Time since last request: 225.825116 seconds.
  path: Assets/Scripts/RubyController1.cs
  artifactKey: Guid(9bbe1f728ce304449a100edb24a6e9dd) Importer(815301076,1909f56bfc062723c751e8b465ee728b)
Start importing Assets/Scripts/RubyController1.cs using Guid(9bbe1f728ce304449a100edb24a6e9dd) Importer(815301076,1909f56bfc062723c751e8b465ee728b)  -> (artifact id: '9f9679e9029532c2fd5e049d5669bafc') in 0.022309 seconds 
========================================================================
Received Prepare
Registering precompiled user dll's ...
Registered in 0.003173 seconds.
Begin MonoManager ReloadAssembly
Native extension for WindowsStandalone target not found
Native extension for WebGL target not found
Refreshing native plugins compatible for Editor in 0.50 ms, found 3 plugins.
Preloading 0 native plugins for Editor in 0.00 ms.
Mono: successfully reloaded assembly
- Completed reload, in  0.832 seconds
Domain Reload Profiling:
	ReloadAssembly (833ms)
		BeginReloadAssembly (106ms)
			ExecutionOrderSort (0ms)
			DisableScriptedObjects (5ms)
			BackupInstance (0ms)
			ReleaseScriptingObjects (0ms)
			CreateAndSetChildDomain (33ms)
		EndReloadAssembly (675ms)
			LoadAssemblies (84ms)
			RebuildTransferFunctionScriptingTraits (0ms)
			SetupTypeCache (236ms)
			ReleaseScriptCaches (1ms)
			RebuildScriptCaches (36ms)
			SetupLoadedEditorAssemblies (245ms)
				LogAssemblyErrors (0ms)
				InitializePlatformSupportModulesInManaged (4ms)
				SetLoadedEditorAssemblies (0ms)
				RefreshPlugins (1ms)
				BeforeProcessingInitializeOnLoad (69ms)
				ProcessInitializeOnLoadAttributes (159ms)
				ProcessInitializeOnLoadMethodAttributes (9ms)
				AfterProcessingInitializeOnLoad (4ms)
				EditorAssembliesLoaded (0ms)
			ExecutionOrderSort2 (0ms)
			AwakeInstancesAfterBackupRestoration (8ms)
Platform modules already initialized, skipping
Refreshing native plugins compatible for Editor in 0.50 ms, found 3 plugins.
Preloading 0 native plugins for Editor in 0.00 ms.
Unloading 2193 Unused Serialized files (Serialized files now loaded: 0)
System memory in use before: 99.1 MB.
System memory in use after: 99.1 MB.

Unloading 17 unused Assets to reduce memory usage. Loaded Objects now: 2661.
Total: 3.700300 ms (FindLiveObjects: 0.215700 ms CreateObjectMapping: 0.087000 ms MarkObjects: 3.306500 ms  DeleteObjects: 0.090000 ms)

AssetImportParameters requested are different than current active one (requested -> active):
  custom:framework-win-MediaFoundation: 216162199b28c13a410421893ffa2e32 -> 
  custom:video-decoder-ogg-theora: a1e56fd34408186e4bbccfd4996cb3dc -> 
  custom:container-muxer-webm: aa71ff27fc2769a1b78a27578f13a17b -> 
  custom:container-demuxer-webm: 4f35f7cbe854078d1ac9338744f61a02 -> 
  custom:container-demuxer-ogg: 62fdf1f143b41e24485cea50d1cbac27 -> 
  custom:video-encoder-webm-vp8: eb34c28f22e8b96e1ab97ce403110664 -> 
  custom:video-decoder-webm-vp8: 9c59270c3fd7afecdb556c50c9e8de78 -> 
  custom:audio-decoder-ogg-vorbis: bf7c407c2cedff20999df2af8eb42d56 -> 
  custom:audio-encoder-webm-vorbis: bf7c407c2cedff20999df2af8eb42d56 -> 
========================================================================
Received Prepare
Registering precompiled user dll's ...
Registered in 0.002616 seconds.
Begin MonoManager ReloadAssembly
Native extension for WindowsStandalone target not found
Native extension for WebGL target not found
Refreshing native plugins compatible for Editor in 0.52 ms, found 3 plugins.
Preloading 0 native plugins for Editor in 0.00 ms.
Mono: successfully reloaded assembly
- Completed reload, in  0.918 seconds
Domain Reload Profiling:
	ReloadAssembly (918ms)
		BeginReloadAssembly (96ms)
			ExecutionOrderSort (0ms)
			DisableScriptedObjects (5ms)
			BackupInstance (0ms)
			ReleaseScriptingObjects (0ms)
			CreateAndSetChildDomain (30ms)
		EndReloadAssembly (770ms)
			LoadAssemblies (85ms)
			RebuildTransferFunctionScriptingTraits (0ms)
			SetupTypeCache (255ms)
			ReleaseScriptCaches (1ms)
			RebuildScriptCaches (52ms)
			SetupLoadedEditorAssemblies (284ms)
				LogAssemblyErrors (0ms)
				InitializePlatformSupportModulesInManaged (5ms)
				SetLoadedEditorAssemblies (0ms)
				RefreshPlugins (1ms)
				BeforeProcessingInitializeOnLoad (81ms)
				ProcessInitializeOnLoadAttributes (181ms)
				ProcessInitializeOnLoadMethodAttributes (12ms)
				AfterProcessingInitializeOnLoad (4ms)
				EditorAssembliesLoaded (0ms)
			ExecutionOrderSort2 (0ms)
			AwakeInstancesAfterBackupRestoration (9ms)
Platform modules already initialized, skipping
Refreshing native plugins compatible for Editor in 0.50 ms, found 3 plugins.
Preloading 0 native plugins for Editor in 0.00 ms.
Unloading 2193 Unused Serialized files (Serialized files now loaded: 0)
System memory in use before: 99.1 MB.
System memory in use after: 99.1 MB.

Unloading 17 unused Assets to reduce memory usage. Loaded Objects now: 2664.
Total: 4.204200 ms (FindLiveObjects: 0.316200 ms CreateObjectMapping: 0.089300 ms MarkObjects: 3.687000 ms  DeleteObjects: 0.109800 ms)

AssetImportParameters requested are different than current active one (requested -> active):
  custom:framework-win-MediaFoundation: 216162199b28c13a410421893ffa2e32 -> 
  custom:video-decoder-ogg-theora: a1e56fd34408186e4bbccfd4996cb3dc -> 
  custom:container-muxer-webm: aa71ff27fc2769a1b78a27578f13a17b -> 
  custom:container-demuxer-webm: 4f35f7cbe854078d1ac9338744f61a02 -> 
  custom:container-demuxer-ogg: 62fdf1f143b41e24485cea50d1cbac27 -> 
  custom:video-encoder-webm-vp8: eb34c28f22e8b96e1ab97ce403110664 -> 
  custom:video-decoder-webm-vp8: 9c59270c3fd7afecdb556c50c9e8de78 -> 
  custom:audio-decoder-ogg-vorbis: bf7c407c2cedff20999df2af8eb42d56 -> 
  custom:audio-encoder-webm-vorbis: bf7c407c2cedff20999df2af8eb42d56 -> 
========================================================================
Received Prepare
Registering precompiled user dll's ...
Registered in 0.002320 seconds.
Begin MonoManager ReloadAssembly
Native extension for WindowsStandalone target not found
Native extension for WebGL target not found
Refreshing native plugins compatible for Editor in 0.50 ms, found 3 plugins.
Preloading 0 native plugins for Editor in 0.00 ms.
Mono: successfully reloaded assembly
- Completed reload, in  0.934 seconds
Domain Reload Profiling:
	ReloadAssembly (934ms)
		BeginReloadAssembly (106ms)
			ExecutionOrderSort (0ms)
			DisableScriptedObjects (5ms)
			BackupInstance (0ms)
			ReleaseScriptingObjects (0ms)
			CreateAndSetChildDomain (39ms)
		EndReloadAssembly (766ms)
			LoadAssemblies (105ms)
			RebuildTransferFunctionScriptingTraits (0ms)
			SetupTypeCache (266ms)
			ReleaseScriptCaches (1ms)
			RebuildScriptCaches (42ms)
			SetupLoadedEditorAssemblies (265ms)
				LogAssemblyErrors (0ms)
				InitializePlatformSupportModulesInManaged (5ms)
				SetLoadedEditorAssemblies (0ms)
				RefreshPlugins (1ms)
				BeforeProcessingInitializeOnLoad (71ms)
				ProcessInitializeOnLoadAttributes (174ms)
				ProcessInitializeOnLoadMethodAttributes (10ms)
				AfterProcessingInitializeOnLoad (4ms)
				EditorAssembliesLoaded (0ms)
			ExecutionOrderSort2 (0ms)
			AwakeInstancesAfterBackupRestoration (8ms)
Platform modules already initialized, skipping
Refreshing native plugins compatible for Editor in 0.49 ms, found 3 plugins.
Preloading 0 native plugins for Editor in 0.00 ms.
Unloading 2193 Unused Serialized files (Serialized files now loaded: 0)
System memory in use before: 99.1 MB.
System memory in use after: 99.2 MB.

Unloading 17 unused Assets to reduce memory usage. Loaded Objects now: 2667.
Total: 3.405300 ms (FindLiveObjects: 0.242900 ms CreateObjectMapping: 0.074200 ms MarkObjects: 2.967400 ms  DeleteObjects: 0.119300 ms)

AssetImportParameters requested are different than current active one (requested -> active):
  custom:framework-win-MediaFoundation: 216162199b28c13a410421893ffa2e32 -> 
  custom:video-decoder-ogg-theora: a1e56fd34408186e4bbccfd4996cb3dc -> 
  custom:container-muxer-webm: aa71ff27fc2769a1b78a27578f13a17b -> 
  custom:container-demuxer-webm: 4f35f7cbe854078d1ac9338744f61a02 -> 
  custom:container-demuxer-ogg: 62fdf1f143b41e24485cea50d1cbac27 -> 
  custom:video-encoder-webm-vp8: eb34c28f22e8b96e1ab97ce403110664 -> 
  custom:video-decoder-webm-vp8: 9c59270c3fd7afecdb556c50c9e8de78 -> 
  custom:audio-decoder-ogg-vorbis: bf7c407c2cedff20999df2af8eb42d56 -> 
  custom:audio-encoder-webm-vorbis: bf7c407c2cedff20999df2af8eb42d56 -> 
========================================================================
Received Prepare
Registering precompiled user dll's ...
Registered in 0.002331 seconds.
Begin MonoManager ReloadAssembly
Native extension for WindowsStandalone target not found
Native extension for WebGL target not found
Refreshing native plugins compatible for Editor in 0.89 ms, found 3 plugins.
Preloading 0 native plugins for Editor in 0.00 ms.
Mono: successfully reloaded assembly
- Completed reload, in  0.898 seconds
Domain Reload Profiling:
	ReloadAssembly (898ms)
		BeginReloadAssembly (101ms)
			ExecutionOrderSort (0ms)
			DisableScriptedObjects (5ms)
			BackupInstance (0ms)
			ReleaseScriptingObjects (0ms)
			CreateAndSetChildDomain (32ms)
		EndReloadAssembly (738ms)
			LoadAssemblies (92ms)
			RebuildTransferFunctionScriptingTraits (0ms)
			SetupTypeCache (262ms)
			ReleaseScriptCaches (1ms)
			RebuildScriptCaches (39ms)
			SetupLoadedEditorAssemblies (261ms)
				LogAssemblyErrors (0ms)
				InitializePlatformSupportModulesInManaged (5ms)
				SetLoadedEditorAssemblies (1ms)
				RefreshPlugins (1ms)
				BeforeProcessingInitializeOnLoad (71ms)
				ProcessInitializeOnLoadAttributes (169ms)
				ProcessInitializeOnLoadMethodAttributes (10ms)
				AfterProcessingInitializeOnLoad (4ms)
				EditorAssembliesLoaded (0ms)
			ExecutionOrderSort2 (0ms)
			AwakeInstancesAfterBackupRestoration (9ms)
Platform modules already initialized, skipping
Refreshing native plugins compatible for Editor in 0.55 ms, found 3 plugins.
Preloading 0 native plugins for Editor in 0.00 ms.
Unloading 2193 Unused Serialized files (Serialized files now loaded: 0)
System memory in use before: 99.1 MB.
System memory in use after: 99.2 MB.

Unloading 17 unused Assets to reduce memory usage. Loaded Objects now: 2670.
Total: 3.726100 ms (FindLiveObjects: 0.219300 ms CreateObjectMapping: 0.087100 ms MarkObjects: 3.327300 ms  DeleteObjects: 0.091100 ms)

AssetImportParameters requested are different than current active one (requested -> active):
  custom:framework-win-MediaFoundation: 216162199b28c13a410421893ffa2e32 -> 
  custom:video-decoder-ogg-theora: a1e56fd34408186e4bbccfd4996cb3dc -> 
  custom:container-muxer-webm: aa71ff27fc2769a1b78a27578f13a17b -> 
  custom:container-demuxer-webm: 4f35f7cbe854078d1ac9338744f61a02 -> 
  custom:container-demuxer-ogg: 62fdf1f143b41e24485cea50d1cbac27 -> 
  custom:video-encoder-webm-vp8: eb34c28f22e8b96e1ab97ce403110664 -> 
  custom:video-decoder-webm-vp8: 9c59270c3fd7afecdb556c50c9e8de78 -> 
  custom:audio-decoder-ogg-vorbis: bf7c407c2cedff20999df2af8eb42d56 -> 
  custom:audio-encoder-webm-vorbis: bf7c407c2cedff20999df2af8eb42d56 -> 
========================================================================
Received Prepare
Registering precompiled user dll's ...
Registered in 0.002469 seconds.
Begin MonoManager ReloadAssembly
Native extension for WindowsStandalone target not found
Native extension for WebGL target not found
Refreshing native plugins compatible for Editor in 0.57 ms, found 3 plugins.
Preloading 0 native plugins for Editor in 0.00 ms.
Mono: successfully reloaded assembly
- Completed reload, in  0.872 seconds
Domain Reload Profiling:
	ReloadAssembly (872ms)
		BeginReloadAssembly (100ms)
			ExecutionOrderSort (0ms)
			DisableScriptedObjects (5ms)
			BackupInstance (0ms)
			ReleaseScriptingObjects (0ms)
			CreateAndSetChildDomain (31ms)
		EndReloadAssembly (719ms)
			LoadAssemblies (85ms)
			RebuildTransferFunctionScriptingTraits (0ms)
			SetupTypeCache (253ms)
			ReleaseScriptCaches (1ms)
			RebuildScriptCaches (37ms)
			SetupLoadedEditorAssemblies (261ms)
				LogAssemblyErrors (0ms)
				InitializePlatformSupportModulesInManaged (4ms)
				SetLoadedEditorAssemblies (0ms)
				RefreshPlugins (1ms)
				BeforeProcessingInitializeOnLoad (71ms)
				ProcessInitializeOnLoadAttributes (170ms)
				ProcessInitializeOnLoadMethodAttributes (9ms)
				AfterProcessingInitializeOnLoad (4ms)
				EditorAssembliesLoaded (0ms)
			ExecutionOrderSort2 (0ms)
			AwakeInstancesAfterBackupRestoration (7ms)
Platform modules already initialized, skipping
Refreshing native plugins compatible for Editor in 0.50 ms, found 3 plugins.
Preloading 0 native plugins for Editor in 0.00 ms.
Unloading 2193 Unused Serialized files (Serialized files now loaded: 0)
System memory in use before: 99.1 MB.
System memory in use after: 99.2 MB.

Unloading 17 unused Assets to reduce memory usage. Loaded Objects now: 2673.
Total: 3.174000 ms (FindLiveObjects: 0.186100 ms CreateObjectMapping: 0.048600 ms MarkObjects: 2.846800 ms  DeleteObjects: 0.091300 ms)

AssetImportParameters requested are different than current active one (requested -> active):
  custom:framework-win-MediaFoundation: 216162199b28c13a410421893ffa2e32 -> 
  custom:video-decoder-ogg-theora: a1e56fd34408186e4bbccfd4996cb3dc -> 
  custom:container-muxer-webm: aa71ff27fc2769a1b78a27578f13a17b -> 
  custom:container-demuxer-webm: 4f35f7cbe854078d1ac9338744f61a02 -> 
  custom:container-demuxer-ogg: 62fdf1f143b41e24485cea50d1cbac27 -> 
  custom:video-encoder-webm-vp8: eb34c28f22e8b96e1ab97ce403110664 -> 
  custom:video-decoder-webm-vp8: 9c59270c3fd7afecdb556c50c9e8de78 -> 
  custom:audio-decoder-ogg-vorbis: bf7c407c2cedff20999df2af8eb42d56 -> 
  custom:audio-encoder-webm-vorbis: bf7c407c2cedff20999df2af8eb42d56 -> 
========================================================================
Received Prepare
Registering precompiled user dll's ...
Registered in 0.002523 seconds.
Begin MonoManager ReloadAssembly
Native extension for WindowsStandalone target not found
Native extension for WebGL target not found
Refreshing native plugins compatible for Editor in 0.56 ms, found 3 plugins.
Preloading 0 native plugins for Editor in 0.00 ms.
Mono: successfully reloaded assembly
- Completed reload, in  0.887 seconds
Domain Reload Profiling:
	ReloadAssembly (887ms)
		BeginReloadAssembly (113ms)
			ExecutionOrderSort (0ms)
			DisableScriptedObjects (7ms)
			BackupInstance (0ms)
			ReleaseScriptingObjects (0ms)
			CreateAndSetChildDomain (34ms)
		EndReloadAssembly (718ms)
			LoadAssemblies (93ms)
			RebuildTransferFunctionScriptingTraits (0ms)
			SetupTypeCache (258ms)
			ReleaseScriptCaches (1ms)
			RebuildScriptCaches (40ms)
			SetupLoadedEditorAssemblies (256ms)
				LogAssemblyErrors (0ms)
				InitializePlatformSupportModulesInManaged (5ms)
				SetLoadedEditorAssemblies (0ms)
				RefreshPlugins (1ms)
				BeforeProcessingInitializeOnLoad (70ms)
				ProcessInitializeOnLoadAttributes (166ms)
				ProcessInitializeOnLoadMethodAttributes (10ms)
				AfterProcessingInitializeOnLoad (4ms)
				EditorAssembliesLoaded (0ms)
			ExecutionOrderSort2 (0ms)
			AwakeInstancesAfterBackupRestoration (7ms)
Platform modules already initialized, skipping
Refreshing native plugins compatible for Editor in 0.52 ms, found 3 plugins.
Preloading 0 native plugins for Editor in 0.00 ms.
Unloading 2193 Unused Serialized files (Serialized files now loaded: 0)
System memory in use before: 99.1 MB.
System memory in use after: 99.2 MB.

Unloading 17 unused Assets to reduce memory usage. Loaded Objects now: 2676.
Total: 3.624400 ms (FindLiveObjects: 0.310200 ms CreateObjectMapping: 0.092200 ms MarkObjects: 3.127900 ms  DeleteObjects: 0.092500 ms)

AssetImportParameters requested are different than current active one (requested -> active):
  custom:framework-win-MediaFoundation: 216162199b28c13a410421893ffa2e32 -> 
  custom:video-decoder-ogg-theora: a1e56fd34408186e4bbccfd4996cb3dc -> 
  custom:container-muxer-webm: aa71ff27fc2769a1b78a27578f13a17b -> 
  custom:container-demuxer-webm: 4f35f7cbe854078d1ac9338744f61a02 -> 
  custom:container-demuxer-ogg: 62fdf1f143b41e24485cea50d1cbac27 -> 
  custom:video-encoder-webm-vp8: eb34c28f22e8b96e1ab97ce403110664 -> 
  custom:video-decoder-webm-vp8: 9c59270c3fd7afecdb556c50c9e8de78 -> 
  custom:audio-decoder-ogg-vorbis: bf7c407c2cedff20999df2af8eb42d56 -> 
  custom:audio-encoder-webm-vorbis: bf7c407c2cedff20999df2af8eb42d56 -> 
========================================================================
Received Prepare
Registering precompiled user dll's ...
Registered in 0.002352 seconds.
Begin MonoManager ReloadAssembly
Native extension for WindowsStandalone target not found
Native extension for WebGL target not found
Refreshing native plugins compatible for Editor in 0.53 ms, found 3 plugins.
Preloading 0 native plugins for Editor in 0.00 ms.
Mono: successfully reloaded assembly
- Completed reload, in  0.851 seconds
Domain Reload Profiling:
	ReloadAssembly (852ms)
		BeginReloadAssembly (97ms)
			ExecutionOrderSort (0ms)
			DisableScriptedObjects (5ms)
			BackupInstance (0ms)
			ReleaseScriptingObjects (0ms)
			CreateAndSetChildDomain (29ms)
		EndReloadAssembly (700ms)
			LoadAssemblies (81ms)
			RebuildTransferFunctionScriptingTraits (0ms)
			SetupTypeCache (243ms)
			ReleaseScriptCaches (1ms)
			RebuildScriptCaches (38ms)
			SetupLoadedEditorAssemblies (256ms)
				LogAssemblyErrors (0ms)
				InitializePlatformSupportModulesInManaged (4ms)
				SetLoadedEditorAssemblies (0ms)
				RefreshPlugins (1ms)
				BeforeProcessingInitializeOnLoad (69ms)
				ProcessInitializeOnLoadAttributes (168ms)
				ProcessInitializeOnLoadMethodAttributes (9ms)
				AfterProcessingInitializeOnLoad (5ms)
				EditorAssembliesLoaded (0ms)
			ExecutionOrderSort2 (0ms)
			AwakeInstancesAfterBackupRestoration (7ms)
Platform modules already initialized, skipping
Refreshing native plugins compatible for Editor in 0.53 ms, found 3 plugins.
Preloading 0 native plugins for Editor in 0.00 ms.
Unloading 2193 Unused Serialized files (Serialized files now loaded: 0)
System memory in use before: 99.1 MB.
System memory in use after: 99.2 MB.

Unloading 17 unused Assets to reduce memory usage. Loaded Objects now: 2679.
Total: 3.960600 ms (FindLiveObjects: 0.291800 ms CreateObjectMapping: 0.061600 ms MarkObjects: 3.491600 ms  DeleteObjects: 0.114100 ms)

AssetImportParameters requested are different than current active one (requested -> active):
  custom:framework-win-MediaFoundation: 216162199b28c13a410421893ffa2e32 -> 
  custom:video-decoder-ogg-theora: a1e56fd34408186e4bbccfd4996cb3dc -> 
  custom:container-muxer-webm: aa71ff27fc2769a1b78a27578f13a17b -> 
  custom:container-demuxer-webm: 4f35f7cbe854078d1ac9338744f61a02 -> 
  custom:container-demuxer-ogg: 62fdf1f143b41e24485cea50d1cbac27 -> 
  custom:video-encoder-webm-vp8: eb34c28f22e8b96e1ab97ce403110664 -> 
  custom:video-decoder-webm-vp8: 9c59270c3fd7afecdb556c50c9e8de78 -> 
  custom:audio-decoder-ogg-vorbis: bf7c407c2cedff20999df2af8eb42d56 -> 
  custom:audio-encoder-webm-vorbis: bf7c407c2cedff20999df2af8eb42d56 -> 
========================================================================
Received Prepare
Registering precompiled user dll's ...
Registered in 0.002459 seconds.
Begin MonoManager ReloadAssembly
Native extension for WindowsStandalone target not found
Native extension for WebGL target not found
Refreshing native plugins compatible for Editor in 0.50 ms, found 3 plugins.
Preloading 0 native plugins for Editor in 0.00 ms.
Mono: successfully reloaded assembly
- Completed reload, in  0.843 seconds
Domain Reload Profiling:
	ReloadAssembly (843ms)
		BeginReloadAssembly (98ms)
			ExecutionOrderSort (0ms)
			DisableScriptedObjects (5ms)
			BackupInstance (0ms)
			ReleaseScriptingObjects (0ms)
			CreateAndSetChildDomain (30ms)
		EndReloadAssembly (693ms)
			LoadAssemblies (78ms)
			RebuildTransferFunctionScriptingTraits (0ms)
			SetupTypeCache (243ms)
			ReleaseScriptCaches (1ms)
			RebuildScriptCaches (38ms)
			SetupLoadedEditorAssemblies (253ms)
				LogAssemblyErrors (0ms)
				InitializePlatformSupportModulesInManaged (5ms)
				SetLoadedEditorAssemblies (0ms)
				RefreshPlugins (1ms)
				BeforeProcessingInitializeOnLoad (67ms)
				ProcessInitializeOnLoadAttributes (167ms)
				ProcessInitializeOnLoadMethodAttributes (9ms)
				AfterProcessingInitializeOnLoad (4ms)
				EditorAssembliesLoaded (0ms)
			ExecutionOrderSort2 (0ms)
			AwakeInstancesAfterBackupRestoration (8ms)
Platform modules already initialized, skipping
Refreshing native plugins compatible for Editor in 0.54 ms, found 3 plugins.
Preloading 0 native plugins for Editor in 0.00 ms.
Unloading 2193 Unused Serialized files (Serialized files now loaded: 0)
System memory in use before: 99.1 MB.
System memory in use after: 99.2 MB.

Unloading 17 unused Assets to reduce memory usage. Loaded Objects now: 2682.
Total: 3.842100 ms (FindLiveObjects: 0.192900 ms CreateObjectMapping: 0.048300 ms MarkObjects: 3.509000 ms  DeleteObjects: 0.090800 ms)

AssetImportParameters requested are different than current active one (requested -> active):
  custom:framework-win-MediaFoundation: 216162199b28c13a410421893ffa2e32 -> 
  custom:video-decoder-ogg-theora: a1e56fd34408186e4bbccfd4996cb3dc -> 
  custom:container-muxer-webm: aa71ff27fc2769a1b78a27578f13a17b -> 
  custom:container-demuxer-webm: 4f35f7cbe854078d1ac9338744f61a02 -> 
  custom:container-demuxer-ogg: 62fdf1f143b41e24485cea50d1cbac27 -> 
  custom:video-encoder-webm-vp8: eb34c28f22e8b96e1ab97ce403110664 -> 
  custom:video-decoder-webm-vp8: 9c59270c3fd7afecdb556c50c9e8de78 -> 
  custom:audio-decoder-ogg-vorbis: bf7c407c2cedff20999df2af8eb42d56 -> 
  custom:audio-encoder-webm-vorbis: bf7c407c2cedff20999df2af8eb42d56 -> 
========================================================================
Received Import Request.
  Time since last request: 482.388562 seconds.
  path: Assets/Art/Sprites/Tiles
  artifactKey: Guid(d8a1d6675cc65974eaedf0e96c546b96) Importer(815301076,1909f56bfc062723c751e8b465ee728b)
Start importing Assets/Art/Sprites/Tiles using Guid(d8a1d6675cc65974eaedf0e96c546b96) Importer(815301076,1909f56bfc062723c751e8b465ee728b)  -> (artifact id: 'a333943efe69848388999b2299a82577') in 0.010704 seconds 
========================================================================
Received Prepare
Registering precompiled user dll's ...
Registered in 0.002838 seconds.
Begin MonoManager ReloadAssembly
Native extension for WindowsStandalone target not found
Native extension for WebGL target not found
Refreshing native plugins compatible for Editor in 0.61 ms, found 3 plugins.
Preloading 0 native plugins for Editor in 0.00 ms.
Mono: successfully reloaded assembly
- Completed reload, in  0.883 seconds
Domain Reload Profiling:
	ReloadAssembly (883ms)
		BeginReloadAssembly (106ms)
			ExecutionOrderSort (0ms)
			DisableScriptedObjects (6ms)
			BackupInstance (0ms)
			ReleaseScriptingObjects (0ms)
			CreateAndSetChildDomain (34ms)
		EndReloadAssembly (722ms)
			LoadAssemblies (85ms)
			RebuildTransferFunctionScriptingTraits (0ms)
			SetupTypeCache (237ms)
			ReleaseScriptCaches (1ms)
			RebuildScriptCaches (38ms)
			SetupLoadedEditorAssemblies (278ms)
				LogAssemblyErrors (0ms)
				InitializePlatformSupportModulesInManaged (4ms)
				SetLoadedEditorAssemblies (1ms)
				RefreshPlugins (1ms)
				BeforeProcessingInitializeOnLoad (72ms)
				ProcessInitializeOnLoadAttributes (186ms)
				ProcessInitializeOnLoadMethodAttributes (10ms)
				AfterProcessingInitializeOnLoad (4ms)
				EditorAssembliesLoaded (0ms)
			ExecutionOrderSort2 (0ms)
			AwakeInstancesAfterBackupRestoration (8ms)
Platform modules already initialized, skipping
Refreshing native plugins compatible for Editor in 0.67 ms, found 3 plugins.
Preloading 0 native plugins for Editor in 0.00 ms.
Unloading 2193 Unused Serialized files (Serialized files now loaded: 0)
System memory in use before: 99.1 MB.
System memory in use after: 99.2 MB.

Unloading 17 unused Assets to reduce memory usage. Loaded Objects now: 2685.
Total: 4.183100 ms (FindLiveObjects: 0.209900 ms CreateObjectMapping: 0.050100 ms MarkObjects: 3.831400 ms  DeleteObjects: 0.090200 ms)

AssetImportParameters requested are different than current active one (requested -> active):
  custom:framework-win-MediaFoundation: 216162199b28c13a410421893ffa2e32 -> 
  custom:video-decoder-ogg-theora: a1e56fd34408186e4bbccfd4996cb3dc -> 
  custom:container-muxer-webm: aa71ff27fc2769a1b78a27578f13a17b -> 
  custom:container-demuxer-webm: 4f35f7cbe854078d1ac9338744f61a02 -> 
  custom:container-demuxer-ogg: 62fdf1f143b41e24485cea50d1cbac27 -> 
  custom:video-encoder-webm-vp8: eb34c28f22e8b96e1ab97ce403110664 -> 
  custom:video-decoder-webm-vp8: 9c59270c3fd7afecdb556c50c9e8de78 -> 
  custom:audio-decoder-ogg-vorbis: bf7c407c2cedff20999df2af8eb42d56 -> 
  custom:audio-encoder-webm-vorbis: bf7c407c2cedff20999df2af8eb42d56 -> 
========================================================================
Received Import Request.
  Time since last request: 216.662343 seconds.
  path: Assets/Art/Sprites/Tiles/FloorBricksToGrassCorner_8.asset
  artifactKey: Guid(302fe5eb93ea25b4b857a479104369fa) Importer(815301076,1909f56bfc062723c751e8b465ee728b)
Start importing Assets/Art/Sprites/Tiles/FloorBricksToGrassCorner_8.asset using Guid(302fe5eb93ea25b4b857a479104369fa) Importer(815301076,1909f56bfc062723c751e8b465ee728b)  -> (artifact id: '5c48452896ff2d4d0390424d3e3e7d28') in 0.052279 seconds 
========================================================================
Received Import Request.
  Time since last request: 0.000231 seconds.
  path: Assets/Art/Sprites/Tiles/FloorGrassToBricksCorner_1.asset
  artifactKey: Guid(b6ebac1459ed31349ae6218c84a52bb5) Importer(815301076,1909f56bfc062723c751e8b465ee728b)
Start importing Assets/Art/Sprites/Tiles/FloorGrassToBricksCorner_1.asset using Guid(b6ebac1459ed31349ae6218c84a52bb5) Importer(815301076,1909f56bfc062723c751e8b465ee728b)  -> (artifact id: 'ddab0ff88a36e4e0b624801c7428efaf') in 0.011266 seconds 
========================================================================
Received Import Request.
  Time since last request: 0.000234 seconds.
  path: Assets/Art/Sprites/Tiles/FloorBricksToGrassSquare_7.asset
  artifactKey: Guid(6e03f96a77e1a6147b02afd66bb7b466) Importer(815301076,1909f56bfc062723c751e8b465ee728b)
Start importing Assets/Art/Sprites/Tiles/FloorBricksToGrassSquare_7.asset using Guid(6e03f96a77e1a6147b02afd66bb7b466) Importer(815301076,1909f56bfc062723c751e8b465ee728b)  -> (artifact id: 'da34babde96a77e4c77316d1005e0156') in 0.012663 seconds 
========================================================================
Received Import Request.
  Time since last request: 0.000250 seconds.
  path: Assets/Art/Sprites/Tiles/FloorGrassToBricksSquare_6.asset
  artifactKey: Guid(4a9013e2fb824bd488941a78aa9fff3f) Importer(815301076,1909f56bfc062723c751e8b465ee728b)
Start importing Assets/Art/Sprites/Tiles/FloorGrassToBricksSquare_6.asset using Guid(4a9013e2fb824bd488941a78aa9fff3f) Importer(815301076,1909f56bfc062723c751e8b465ee728b)  -> (artifact id: 'e73def039ae1824ac30e1b4a12b273b6') in 0.016737 seconds 
========================================================================
Received Import Request.
  Time since last request: 0.000243 seconds.
  path: Assets/Art/Sprites/Tiles/FloorGrassToBricksSquare_5.asset
  artifactKey: Guid(8191f575d84b5c74f8221647da3a147c) Importer(815301076,1909f56bfc062723c751e8b465ee728b)
Start importing Assets/Art/Sprites/Tiles/FloorGrassToBricksSquare_5.asset using Guid(8191f575d84b5c74f8221647da3a147c) Importer(815301076,1909f56bfc062723c751e8b465ee728b)  -> (artifact id: '4e993ce193218a47621d18c0ec7b0ef0') in 0.013894 seconds 
========================================================================
Received Import Request.
  Time since last request: 0.000291 seconds.
  path: Assets/Art/Sprites/Tiles/FloorGrassToBricksSquare_1.asset
  artifactKey: Guid(a152c30e30a10204b92e9115ca329888) Importer(815301076,1909f56bfc062723c751e8b465ee728b)
Start importing Assets/Art/Sprites/Tiles/FloorGrassToBricksSquare_1.asset using Guid(a152c30e30a10204b92e9115ca329888) Importer(815301076,1909f56bfc062723c751e8b465ee728b)  -> (artifact id: 'a7eadd78b55d61511d0e28b7d3feb984') in 0.013683 seconds 
========================================================================
Received Import Request.
  Time since last request: 0.000312 seconds.
  path: Assets/Art/Sprites/Tiles/FloorGrassToBricksCorner_5.asset
  artifactKey: Guid(d1776c2af83d2d44db1bb90814cf749a) Importer(815301076,1909f56bfc062723c751e8b465ee728b)
Start importing Assets/Art/Sprites/Tiles/FloorGrassToBricksCorner_5.asset using Guid(d1776c2af83d2d44db1bb90814cf749a) Importer(815301076,1909f56bfc062723c751e8b465ee728b)  -> (artifact id: 'f9abf35bddf6a7b62c0b498a8186eb55') in 0.011287 seconds 
========================================================================
Received Import Request.
  Time since last request: 0.000269 seconds.
  path: Assets/Art/Sprites/Tiles/FloorBricksToGrassSquare_6.asset
  artifactKey: Guid(2aa43f660e2c8dd48a4267cf01b21dec) Importer(815301076,1909f56bfc062723c751e8b465ee728b)
Start importing Assets/Art/Sprites/Tiles/FloorBricksToGrassSquare_6.asset using Guid(2aa43f660e2c8dd48a4267cf01b21dec) Importer(815301076,1909f56bfc062723c751e8b465ee728b)  -> (artifact id: '54acab126821c592b5acec993abbc08b') in 0.012241 seconds 
========================================================================
Received Import Request.
  Time since last request: 0.000258 seconds.
  path: Assets/Art/Sprites/Tiles/FloorBricksToGrassSquare_2.asset
  artifactKey: Guid(51f09ce4c3579d34aac824205ae7156c) Importer(815301076,1909f56bfc062723c751e8b465ee728b)
Start importing Assets/Art/Sprites/Tiles/FloorBricksToGrassSquare_2.asset using Guid(51f09ce4c3579d34aac824205ae7156c) Importer(815301076,1909f56bfc062723c751e8b465ee728b)  -> (artifact id: '96fe4f6eeb4feb9049e545206e35bfaf') in 0.012062 seconds 
========================================================================
Received Import Request.
  Time since last request: 0.000269 seconds.
  path: Assets/Art/Sprites/Tiles/FloorGrassToBricksCorner_3.asset
  artifactKey: Guid(1f8b5d9d4844771468a63ee0017728f9) Importer(815301076,1909f56bfc062723c751e8b465ee728b)
Start importing Assets/Art/Sprites/Tiles/FloorGrassToBricksCorner_3.asset using Guid(1f8b5d9d4844771468a63ee0017728f9) Importer(815301076,1909f56bfc062723c751e8b465ee728b)  -> (artifact id: '28ee58cf978cc503ac399effde876625') in 0.012645 seconds 
========================================================================
Received Import Request.
  Time since last request: 0.000244 seconds.
  path: Assets/Art/Sprites/Tiles/FloorGrassToBricksCorner_7.asset
  artifactKey: Guid(c24a1789dcadb654c9d580338d9fe0cb) Importer(815301076,1909f56bfc062723c751e8b465ee728b)
Start importing Assets/Art/Sprites/Tiles/FloorGrassToBricksCorner_7.asset using Guid(c24a1789dcadb654c9d580338d9fe0cb) Importer(815301076,1909f56bfc062723c751e8b465ee728b)  -> (artifact id: '9cb1dbf9a2a83dfa8dc78d08d227b30c') in 0.011770 seconds 
========================================================================
Received Import Request.
  Time since last request: 0.000299 seconds.
  path: Assets/Art/Sprites/Tiles/FloorBricksToGrassSquare_0.asset
  artifactKey: Guid(2cfee889bbf368c4890d0d8ccc29a99a) Importer(815301076,1909f56bfc062723c751e8b465ee728b)
Start importing Assets/Art/Sprites/Tiles/FloorBricksToGrassSquare_0.asset using Guid(2cfee889bbf368c4890d0d8ccc29a99a) Importer(815301076,1909f56bfc062723c751e8b465ee728b)  -> (artifact id: 'b0a2e5cf6f4bbb21deb49f8eb4ec8817') in 0.011447 seconds 
========================================================================
Received Import Request.
  Time since last request: 0.000256 seconds.
  path: Assets/Art/Sprites/Tiles/FloorBricksToGrassSquare_5.asset
  artifactKey: Guid(50acfe4ad793fc849bc50f419ee5c56f) Importer(815301076,1909f56bfc062723c751e8b465ee728b)
Start importing Assets/Art/Sprites/Tiles/FloorBricksToGrassSquare_5.asset using Guid(50acfe4ad793fc849bc50f419ee5c56f) Importer(815301076,1909f56bfc062723c751e8b465ee728b)  -> (artifact id: '0d1a70ee54d31c64057169ed27340fef') in 0.012635 seconds 
========================================================================
Received Import Request.
  Time since last request: 0.000259 seconds.
  path: Assets/Art/Sprites/Tiles/FloorGrassToBricksSquare_8.asset
  artifactKey: Guid(1b54cb1206bdd3c4ea252c6149ddf0eb) Importer(815301076,1909f56bfc062723c751e8b465ee728b)
Start importing Assets/Art/Sprites/Tiles/FloorGrassToBricksSquare_8.asset using Guid(1b54cb1206bdd3c4ea252c6149ddf0eb) Importer(815301076,1909f56bfc062723c751e8b465ee728b)  -> (artifact id: 'eeb62ed0fdbe3740b6a6baf28d90a6fb') in 0.013461 seconds 
========================================================================
Received Import Request.
  Time since last request: 0.000269 seconds.
  path: Assets/Art/Sprites/Tiles/FloorBricksToGrassSquare_4.asset
  artifactKey: Guid(09e96075e4e35e04eb83913336ff2016) Importer(815301076,1909f56bfc062723c751e8b465ee728b)
Start importing Assets/Art/Sprites/Tiles/FloorBricksToGrassSquare_4.asset using Guid(09e96075e4e35e04eb83913336ff2016) Importer(815301076,1909f56bfc062723c751e8b465ee728b)  -> (artifact id: '9b131645151504d774162a0c7da8f0f4') in 0.015146 seconds 
========================================================================
Received Import Request.
  Time since last request: 0.000240 seconds.
  path: Assets/Art/Sprites/Tiles/FloorGrassToBricksSquare_3.asset
  artifactKey: Guid(d0a08daf9e9bc364aa5e86d896f57e87) Importer(815301076,1909f56bfc062723c751e8b465ee728b)
Start importing Assets/Art/Sprites/Tiles/FloorGrassToBricksSquare_3.asset using Guid(d0a08daf9e9bc364aa5e86d896f57e87) Importer(815301076,1909f56bfc062723c751e8b465ee728b)  -> (artifact id: '8c4a82bcd42512a10097fbb81024d3b2') in 0.013687 seconds 
========================================================================
Received Import Request.
  Time since last request: 0.000314 seconds.
  path: Assets/Art/Sprites/Tiles/FloorBricksToGrassSquare_3.asset
  artifactKey: Guid(9fbdaac19271aad4cadeefa2cc3e4050) Importer(815301076,1909f56bfc062723c751e8b465ee728b)
Start importing Assets/Art/Sprites/Tiles/FloorBricksToGrassSquare_3.asset using Guid(9fbdaac19271aad4cadeefa2cc3e4050) Importer(815301076,1909f56bfc062723c751e8b465ee728b)  -> (artifact id: '0f2a3b80be49d70e60ae68b93f530736') in 0.010965 seconds 
========================================================================
Received Import Request.
  Time since last request: 0.000307 seconds.
  path: Assets/Art/Sprites/Tiles/FloorGrassToBricksCorner_8.asset
  artifactKey: Guid(0b1ba61a5e10a5e49bec1a7148e6f94c) Importer(815301076,1909f56bfc062723c751e8b465ee728b)
Start importing Assets/Art/Sprites/Tiles/FloorGrassToBricksCorner_8.asset using Guid(0b1ba61a5e10a5e49bec1a7148e6f94c) Importer(815301076,1909f56bfc062723c751e8b465ee728b)  -> (artifact id: 'd8bb59817a318b3dd856f24b8de76904') in 0.011745 seconds 
========================================================================
Received Import Request.
  Time since last request: 0.000224 seconds.
  path: Assets/Art/Sprites/Tiles/FloorGrassToBricksSquare_7.asset
  artifactKey: Guid(71d54d50019f51847955b2976a87d730) Importer(815301076,1909f56bfc062723c751e8b465ee728b)
Start importing Assets/Art/Sprites/Tiles/FloorGrassToBricksSquare_7.asset using Guid(71d54d50019f51847955b2976a87d730) Importer(815301076,1909f56bfc062723c751e8b465ee728b)  -> (artifact id: 'a2e0f7e6bfc768dfd69384d4b72b2756') in 0.012254 seconds 
========================================================================
Received Import Request.
  Time since last request: 0.000367 seconds.
  path: Assets/Art/Sprites/Tiles/FloorGrassToBricksSquare_2.asset
  artifactKey: Guid(2816997a1251603438e06957bb3df43d) Importer(815301076,1909f56bfc062723c751e8b465ee728b)
Start importing Assets/Art/Sprites/Tiles/FloorGrassToBricksSquare_2.asset using Guid(2816997a1251603438e06957bb3df43d) Importer(815301076,1909f56bfc062723c751e8b465ee728b)  -> (artifact id: 'ad3f2f903c167566f21c370558b41615') in 0.011830 seconds 
========================================================================
Received Import Request.
  Time since last request: 0.000240 seconds.
  path: Assets/Art/Sprites/Tiles/FloorGrassToBricksSquare_0.asset
  artifactKey: Guid(fbb03a9d38adedf4593f9e930eaad4d6) Importer(815301076,1909f56bfc062723c751e8b465ee728b)
Start importing Assets/Art/Sprites/Tiles/FloorGrassToBricksSquare_0.asset using Guid(fbb03a9d38adedf4593f9e930eaad4d6) Importer(815301076,1909f56bfc062723c751e8b465ee728b)  -> (artifact id: 'be5e0a4f3ddc1459ef9fb8eaecc4151e') in 0.011184 seconds 
========================================================================
Received Import Request.
  Time since last request: 0.000382 seconds.
  path: Assets/Art/Sprites/Tiles/FloorBricksToGrassSquare_1.asset
  artifactKey: Guid(3cf444a998fe37b4e89e9e7a0f138389) Importer(815301076,1909f56bfc062723c751e8b465ee728b)
Start importing Assets/Art/Sprites/Tiles/FloorBricksToGrassSquare_1.asset using Guid(3cf444a998fe37b4e89e9e7a0f138389) Importer(815301076,1909f56bfc062723c751e8b465ee728b)  -> (artifact id: '388755a7a2c4aba5c5723a267e5c07fb') in 0.011240 seconds 
========================================================================
Received Import Request.
  Time since last request: 0.000241 seconds.
  path: Assets/Art/Sprites/Tiles/FloorGrassToBricksCorner_4.asset
  artifactKey: Guid(de0f003cbd2cc7f42876d1530eaa5970) Importer(815301076,1909f56bfc062723c751e8b465ee728b)
Start importing Assets/Art/Sprites/Tiles/FloorGrassToBricksCorner_4.asset using Guid(de0f003cbd2cc7f42876d1530eaa5970) Importer(815301076,1909f56bfc062723c751e8b465ee728b)  -> (artifact id: '14badbd2ff1d9b6aa82a9001eef5c671') in 0.010667 seconds 
========================================================================
Received Import Request.
  Time since last request: 0.000255 seconds.
  path: Assets/Art/Sprites/Tiles/FloorGrassToBricksCorner_0.asset
  artifactKey: Guid(60f6f20fd68908e4fa4d7de2c2d3470b) Importer(815301076,1909f56bfc062723c751e8b465ee728b)
Start importing Assets/Art/Sprites/Tiles/FloorGrassToBricksCorner_0.asset using Guid(60f6f20fd68908e4fa4d7de2c2d3470b) Importer(815301076,1909f56bfc062723c751e8b465ee728b)  -> (artifact id: '48959db2a892d5adf7f947e193f88c40') in 0.011062 seconds 
========================================================================
Received Import Request.
  Time since last request: 0.000258 seconds.
  path: Assets/Art/Sprites/Tiles/FloorGrassToBricksCorner_6.asset
  artifactKey: Guid(7f4ea698f5fa5034681c2a54fb8d8bca) Importer(815301076,1909f56bfc062723c751e8b465ee728b)
Start importing Assets/Art/Sprites/Tiles/FloorGrassToBricksCorner_6.asset using Guid(7f4ea698f5fa5034681c2a54fb8d8bca) Importer(815301076,1909f56bfc062723c751e8b465ee728b)  -> (artifact id: '471235ad174f5fa183c36074eb118975') in 0.011302 seconds 
========================================================================
Received Import Request.
  Time since last request: 0.000272 seconds.
  path: Assets/Art/Sprites/Tiles/FloorGrassToBricksSquare_4.asset
  artifactKey: Guid(7e78fb1e284642e4886bf1066087c1da) Importer(815301076,1909f56bfc062723c751e8b465ee728b)
Start importing Assets/Art/Sprites/Tiles/FloorGrassToBricksSquare_4.asset using Guid(7e78fb1e284642e4886bf1066087c1da) Importer(815301076,1909f56bfc062723c751e8b465ee728b)  -> (artifact id: 'beb3da90e7a31d2eaa6f364fb0f5953f') in 0.010563 seconds 
========================================================================
Received Import Request.
  Time since last request: 0.000294 seconds.
  path: Assets/Art/Sprites/Tiles/FloorGrassToBricksCorner_2.asset
  artifactKey: Guid(730f8db83cc6a754289fa65104f47acb) Importer(815301076,1909f56bfc062723c751e8b465ee728b)
Start importing Assets/Art/Sprites/Tiles/FloorGrassToBricksCorner_2.asset using Guid(730f8db83cc6a754289fa65104f47acb) Importer(815301076,1909f56bfc062723c751e8b465ee728b)  -> (artifact id: 'b1c16bfb910ace415ff82da960dd9ce3') in 0.013294 seconds 
========================================================================
Received Import Request.
  Time since last request: 0.000293 seconds.
  path: Assets/Art/Sprites/Tiles/FloorBricksToGrassSquare_8.asset
  artifactKey: Guid(cc2c1091ffcb85143ac61948205574a1) Importer(815301076,1909f56bfc062723c751e8b465ee728b)
Start importing Assets/Art/Sprites/Tiles/FloorBricksToGrassSquare_8.asset using Guid(cc2c1091ffcb85143ac61948205574a1) Importer(815301076,1909f56bfc062723c751e8b465ee728b)  -> (artifact id: 'f705877a57eed7debe0bc63d5be4731b') in 0.012597 seconds 
